msg='acc_s' BlockIdx=(0, 0, 0), ThreadIdx=(0, 0, 0): buffer=acc_s, index=0, dtype=float value=16.000000
msg='acc_s' BlockIdx=(0, 0, 0), ThreadIdx=(0, 0, 0): buffer=acc_s, index=1, dtype=float value=-inf
msg='acc_s' BlockIdx=(0, 0, 0), ThreadIdx=(0, 0, 0): buffer=acc_s, index=2, dtype=float value=-inf
msg='acc_s' BlockIdx=(0, 0, 0), ThreadIdx=(0, 0, 0): buffer=acc_s, index=3, dtype=float value=-inf
msg='acc_s' BlockIdx=(0, 0, 0), ThreadIdx=(0, 0, 0): buffer=acc_s, index=4, dtype=float value=-inf
msg='acc_s' BlockIdx=(0, 0, 0), ThreadIdx=(0, 0, 0): buffer=acc_s, index=5, dtype=float value=-inf
msg='acc_s' BlockIdx=(0, 0, 0), ThreadIdx=(0, 0, 0): buffer=acc_s, index=6, dtype=float value=-inf
msg='acc_s' BlockIdx=(0, 0, 0), ThreadIdx=(0, 0, 0): buffer=acc_s, index=7, dtype=float value=-inf
msg='acc_s' BlockIdx=(0, 0, 0), ThreadIdx=(0, 0, 0): buffer=acc_s, index=8, dtype=float value=-inf
msg='acc_s' BlockIdx=(0, 0, 0), ThreadIdx=(0, 0, 0): buffer=acc_s, index=9, dtype=float value=-inf
msg='acc_s' BlockIdx=(0, 0, 0), ThreadIdx=(0, 0, 0): buffer=acc_s, index=10, dtype=float value=-inf
msg='acc_s' BlockIdx=(0, 0, 0), ThreadIdx=(0, 0, 0): buffer=acc_s, index=11, dtype=float value=-inf
msg='acc_s' BlockIdx=(0, 0, 0), ThreadIdx=(0, 0, 0): buffer=acc_s, index=12, dtype=float value=-inf
msg='acc_s' BlockIdx=(0, 0, 0), ThreadIdx=(0, 0, 0): buffer=acc_s, index=13, dtype=float value=-inf
msg='acc_s' BlockIdx=(0, 0, 0), ThreadIdx=(0, 0, 0): buffer=acc_s, index=14, dtype=float value=-inf
msg='acc_s' BlockIdx=(0, 0, 0), ThreadIdx=(0, 0, 0): buffer=acc_s, index=15, dtype=float value=-inf
msg='acc_s' BlockIdx=(0, 0, 0), ThreadIdx=(0, 0, 0): buffer=acc_s, index=16, dtype=float value=16.000000
msg='acc_s' BlockIdx=(0, 0, 0), ThreadIdx=(0, 0, 0): buffer=acc_s, index=17, dtype=float value=16.000000
msg='acc_s' BlockIdx=(0, 0, 0), ThreadIdx=(0, 0, 0): buffer=acc_s, index=18, dtype=float value=-inf
msg='acc_s' BlockIdx=(0, 0, 0), ThreadIdx=(0, 0, 0): buffer=acc_s, index=19, dtype=float value=-inf
msg='acc_s' BlockIdx=(0, 0, 0), ThreadIdx=(0, 0, 0): buffer=acc_s, index=20, dtype=float value=-inf
msg='acc_s' BlockIdx=(0, 0, 0), ThreadIdx=(0, 0, 0): buffer=acc_s, index=21, dtype=float value=-inf
msg='acc_s' BlockIdx=(0, 0, 0), ThreadIdx=(0, 0, 0): buffer=acc_s, index=22, dtype=float value=-inf
msg='acc_s' BlockIdx=(0, 0, 0), ThreadIdx=(0, 0, 0): buffer=acc_s, index=23, dtype=float value=-inf
msg='acc_s' BlockIdx=(0, 0, 0), ThreadIdx=(0, 0, 0): buffer=acc_s, index=24, dtype=float value=-inf
msg='acc_s' BlockIdx=(0, 0, 0), ThreadIdx=(0, 0, 0): buffer=acc_s, index=25, dtype=float value=-inf
msg='acc_s' BlockIdx=(0, 0, 0), ThreadIdx=(0, 0, 0): buffer=acc_s, index=26, dtype=float value=-inf
msg='acc_s' BlockIdx=(0, 0, 0), ThreadIdx=(0, 0, 0): buffer=acc_s, index=27, dtype=float value=-inf
msg='acc_s' BlockIdx=(0, 0, 0), ThreadIdx=(0, 0, 0): buffer=acc_s, index=28, dtype=float value=-inf
msg='acc_s' BlockIdx=(0, 0, 0), ThreadIdx=(0, 0, 0): buffer=acc_s, index=29, dtype=float value=-inf
msg='acc_s' BlockIdx=(0, 0, 0), ThreadIdx=(0, 0, 0): buffer=acc_s, index=30, dtype=float value=-inf
msg='acc_s' BlockIdx=(0, 0, 0), ThreadIdx=(0, 0, 0): buffer=acc_s, index=31, dtype=float value=-inf
msg='acc_s' BlockIdx=(0, 0, 0), ThreadIdx=(0, 0, 0): buffer=acc_s, index=32, dtype=float value=16.000000
msg='acc_s' BlockIdx=(0, 0, 0), ThreadIdx=(0, 0, 0): buffer=acc_s, index=33, dtype=float value=16.000000
msg='acc_s' BlockIdx=(0, 0, 0), ThreadIdx=(0, 0, 0): buffer=acc_s, index=34, dtype=float value=16.000000
msg='acc_s' BlockIdx=(0, 0, 0), ThreadIdx=(0, 0, 0): buffer=acc_s, index=35, dtype=float value=-inf
msg='acc_s' BlockIdx=(0, 0, 0), ThreadIdx=(0, 0, 0): buffer=acc_s, index=36, dtype=float value=-inf
msg='acc_s' BlockIdx=(0, 0, 0), ThreadIdx=(0, 0, 0): buffer=acc_s, index=37, dtype=float value=-inf
msg='acc_s' BlockIdx=(0, 0, 0), ThreadIdx=(0, 0, 0): buffer=acc_s, index=38, dtype=float value=-inf
msg='acc_s' BlockIdx=(0, 0, 0), ThreadIdx=(0, 0, 0): buffer=acc_s, index=39, dtype=float value=-inf
msg='acc_s' BlockIdx=(0, 0, 0), ThreadIdx=(0, 0, 0): buffer=acc_s, index=40, dtype=float value=-inf
msg='acc_s' BlockIdx=(0, 0, 0), ThreadIdx=(0, 0, 0): buffer=acc_s, index=41, dtype=float value=-inf
msg='acc_s' BlockIdx=(0, 0, 0), ThreadIdx=(0, 0, 0): buffer=acc_s, index=42, dtype=float value=-inf
msg='acc_s' BlockIdx=(0, 0, 0), ThreadIdx=(0, 0, 0): buffer=acc_s, index=43, dtype=float value=-inf
msg='acc_s' BlockIdx=(0, 0, 0), ThreadIdx=(0, 0, 0): buffer=acc_s, index=44, dtype=float value=-inf
msg='acc_s' BlockIdx=(0, 0, 0), ThreadIdx=(0, 0, 0): buffer=acc_s, index=45, dtype=float value=-inf
msg='acc_s' BlockIdx=(0, 0, 0), ThreadIdx=(0, 0, 0): buffer=acc_s, index=46, dtype=float value=-inf
msg='acc_s' BlockIdx=(0, 0, 0), ThreadIdx=(0, 0, 0): buffer=acc_s, index=47, dtype=float value=-inf
msg='acc_s' BlockIdx=(0, 0, 0), ThreadIdx=(0, 0, 0): buffer=acc_s, index=48, dtype=float value=16.000000
msg='acc_s' BlockIdx=(0, 0, 0), ThreadIdx=(0, 0, 0): buffer=acc_s, index=49, dtype=float value=16.000000
msg='acc_s' BlockIdx=(0, 0, 0), ThreadIdx=(0, 0, 0): buffer=acc_s, index=50, dtype=float value=16.000000
msg='acc_s' BlockIdx=(0, 0, 0), ThreadIdx=(0, 0, 0): buffer=acc_s, index=51, dtype=float value=16.000000
msg='acc_s' BlockIdx=(0, 0, 0), ThreadIdx=(0, 0, 0): buffer=acc_s, index=52, dtype=float value=-inf
msg='acc_s' BlockIdx=(0, 0, 0), ThreadIdx=(0, 0, 0): buffer=acc_s, index=53, dtype=float value=-inf
msg='acc_s' BlockIdx=(0, 0, 0), ThreadIdx=(0, 0, 0): buffer=acc_s, index=54, dtype=float value=-inf
msg='acc_s' BlockIdx=(0, 0, 0), ThreadIdx=(0, 0, 0): buffer=acc_s, index=55, dtype=float value=-inf
msg='acc_s' BlockIdx=(0, 0, 0), ThreadIdx=(0, 0, 0): buffer=acc_s, index=56, dtype=float value=-inf
msg='acc_s' BlockIdx=(0, 0, 0), ThreadIdx=(0, 0, 0): buffer=acc_s, index=57, dtype=float value=-inf
msg='acc_s' BlockIdx=(0, 0, 0), ThreadIdx=(0, 0, 0): buffer=acc_s, index=58, dtype=float value=-inf
msg='acc_s' BlockIdx=(0, 0, 0), ThreadIdx=(0, 0, 0): buffer=acc_s, index=59, dtype=float value=-inf
msg='acc_s' BlockIdx=(0, 0, 0), ThreadIdx=(0, 0, 0): buffer=acc_s, index=60, dtype=float value=-inf
msg='acc_s' BlockIdx=(0, 0, 0), ThreadIdx=(0, 0, 0): buffer=acc_s, index=61, dtype=float value=-inf
msg='acc_s' BlockIdx=(0, 0, 0), ThreadIdx=(0, 0, 0): buffer=acc_s, index=62, dtype=float value=-inf
msg='acc_s' BlockIdx=(0, 0, 0), ThreadIdx=(0, 0, 0): buffer=acc_s, index=63, dtype=float value=-inf
msg='acc_s' BlockIdx=(0, 0, 0), ThreadIdx=(0, 0, 0): buffer=acc_s, index=64, dtype=float value=16.000000
msg='acc_s' BlockIdx=(0, 0, 0), ThreadIdx=(0, 0, 0): buffer=acc_s, index=65, dtype=float value=-inf
msg='acc_s' BlockIdx=(0, 0, 0), ThreadIdx=(0, 0, 0): buffer=acc_s, index=66, dtype=float value=16.000000
msg='acc_s' BlockIdx=(0, 0, 0), ThreadIdx=(0, 0, 0): buffer=acc_s, index=67, dtype=float value=16.000000
msg='acc_s' BlockIdx=(0, 0, 0), ThreadIdx=(0, 0, 0): buffer=acc_s, index=68, dtype=float value=16.000000
msg='acc_s' BlockIdx=(0, 0, 0), ThreadIdx=(0, 0, 0): buffer=acc_s, index=69, dtype=float value=-inf
msg='acc_s' BlockIdx=(0, 0, 0), ThreadIdx=(0, 0, 0): buffer=acc_s, index=70, dtype=float value=-inf
msg='acc_s' BlockIdx=(0, 0, 0), ThreadIdx=(0, 0, 0): buffer=acc_s, index=71, dtype=float value=-inf
msg='acc_s' BlockIdx=(0, 0, 0), ThreadIdx=(0, 0, 0): buffer=acc_s, index=72, dtype=float value=-inf
msg='acc_s' BlockIdx=(0, 0, 0), ThreadIdx=(0, 0, 0): buffer=acc_s, index=73, dtype=float value=16.000000
msg='acc_s' BlockIdx=(0, 0, 0), ThreadIdx=(0, 0, 0): buffer=acc_s, index=74, dtype=float value=-inf
msg='acc_s' BlockIdx=(0, 0, 0), ThreadIdx=(0, 0, 0): buffer=acc_s, index=75, dtype=float value=-inf
msg='acc_s' BlockIdx=(0, 0, 0), ThreadIdx=(0, 0, 0): buffer=acc_s, index=76, dtype=float value=-inf
msg='acc_s' BlockIdx=(0, 0, 0), ThreadIdx=(0, 0, 0): buffer=acc_s, index=77, dtype=float value=-inf
msg='acc_s' BlockIdx=(0, 0, 0), ThreadIdx=(0, 0, 0): buffer=acc_s, index=78, dtype=float value=-inf
msg='acc_s' BlockIdx=(0, 0, 0), ThreadIdx=(0, 0, 0): buffer=acc_s, index=79, dtype=float value=-inf
msg='acc_s' BlockIdx=(0, 0, 0), ThreadIdx=(0, 0, 0): buffer=acc_s, index=80, dtype=float value=16.000000
msg='acc_s' BlockIdx=(0, 0, 0), ThreadIdx=(0, 0, 0): buffer=acc_s, index=81, dtype=float value=-inf
msg='acc_s' BlockIdx=(0, 0, 0), ThreadIdx=(0, 0, 0): buffer=acc_s, index=82, dtype=float value=-inf
msg='acc_s' BlockIdx=(0, 0, 0), ThreadIdx=(0, 0, 0): buffer=acc_s, index=83, dtype=float value=16.000000
msg='acc_s' BlockIdx=(0, 0, 0), ThreadIdx=(0, 0, 0): buffer=acc_s, index=84, dtype=float value=16.000000
msg='acc_s' BlockIdx=(0, 0, 0), ThreadIdx=(0, 0, 0): buffer=acc_s, index=85, dtype=float value=16.000000
msg='acc_s' BlockIdx=(0, 0, 0), ThreadIdx=(0, 0, 0): buffer=acc_s, index=86, dtype=float value=-inf
msg='acc_s' BlockIdx=(0, 0, 0), ThreadIdx=(0, 0, 0): buffer=acc_s, index=87, dtype=float value=-inf
msg='acc_s' BlockIdx=(0, 0, 0), ThreadIdx=(0, 0, 0): buffer=acc_s, index=88, dtype=float value=-inf
msg='acc_s' BlockIdx=(0, 0, 0), ThreadIdx=(0, 0, 0): buffer=acc_s, index=89, dtype=float value=-inf
msg='acc_s' BlockIdx=(0, 0, 0), ThreadIdx=(0, 0, 0): buffer=acc_s, index=90, dtype=float value=16.000000
msg='acc_s' BlockIdx=(0, 0, 0), ThreadIdx=(0, 0, 0): buffer=acc_s, index=91, dtype=float value=-inf
msg='acc_s' BlockIdx=(0, 0, 0), ThreadIdx=(0, 0, 0): buffer=acc_s, index=92, dtype=float value=-inf
msg='acc_s' BlockIdx=(0, 0, 0), ThreadIdx=(0, 0, 0): buffer=acc_s, index=93, dtype=float value=-inf
msg='acc_s' BlockIdx=(0, 0, 0), ThreadIdx=(0, 0, 0): buffer=acc_s, index=94, dtype=float value=-inf
msg='acc_s' BlockIdx=(0, 0, 0), ThreadIdx=(0, 0, 0): buffer=acc_s, index=95, dtype=float value=-inf
msg='acc_s' BlockIdx=(0, 0, 0), ThreadIdx=(0, 0, 0): buffer=acc_s, index=96, dtype=float value=16.000000
msg='acc_s' BlockIdx=(0, 0, 0), ThreadIdx=(0, 0, 0): buffer=acc_s, index=97, dtype=float value=-inf
msg='acc_s' BlockIdx=(0, 0, 0), ThreadIdx=(0, 0, 0): buffer=acc_s, index=98, dtype=float value=-inf
msg='acc_s' BlockIdx=(0, 0, 0), ThreadIdx=(0, 0, 0): buffer=acc_s, index=99, dtype=float value=-inf
msg='acc_s' BlockIdx=(0, 0, 0), ThreadIdx=(0, 0, 0): buffer=acc_s, index=100, dtype=float value=16.000000
msg='acc_s' BlockIdx=(0, 0, 0), ThreadIdx=(0, 0, 0): buffer=acc_s, index=101, dtype=float value=16.000000
msg='acc_s' BlockIdx=(0, 0, 0), ThreadIdx=(0, 0, 0): buffer=acc_s, index=102, dtype=float value=16.000000
msg='acc_s' BlockIdx=(0, 0, 0), ThreadIdx=(0, 0, 0): buffer=acc_s, index=103, dtype=float value=-inf
msg='acc_s' BlockIdx=(0, 0, 0), ThreadIdx=(0, 0, 0): buffer=acc_s, index=104, dtype=float value=-inf
msg='acc_s' BlockIdx=(0, 0, 0), ThreadIdx=(0, 0, 0): buffer=acc_s, index=105, dtype=float value=-inf
msg='acc_s' BlockIdx=(0, 0, 0), ThreadIdx=(0, 0, 0): buffer=acc_s, index=106, dtype=float value=-inf
msg='acc_s' BlockIdx=(0, 0, 0), ThreadIdx=(0, 0, 0): buffer=acc_s, index=107, dtype=float value=16.000000
msg='acc_s' BlockIdx=(0, 0, 0), ThreadIdx=(0, 0, 0): buffer=acc_s, index=108, dtype=float value=-inf
msg='acc_s' BlockIdx=(0, 0, 0), ThreadIdx=(0, 0, 0): buffer=acc_s, index=109, dtype=float value=-inf
msg='acc_s' BlockIdx=(0, 0, 0), ThreadIdx=(0, 0, 0): buffer=acc_s, index=110, dtype=float value=-inf
msg='acc_s' BlockIdx=(0, 0, 0), ThreadIdx=(0, 0, 0): buffer=acc_s, index=111, dtype=float value=-inf
msg='acc_s' BlockIdx=(0, 0, 0), ThreadIdx=(0, 0, 0): buffer=acc_s, index=112, dtype=float value=16.000000
msg='acc_s' BlockIdx=(0, 0, 0), ThreadIdx=(0, 0, 0): buffer=acc_s, index=113, dtype=float value=-inf
msg='acc_s' BlockIdx=(0, 0, 0), ThreadIdx=(0, 0, 0): buffer=acc_s, index=114, dtype=float value=-inf
msg='acc_s' BlockIdx=(0, 0, 0), ThreadIdx=(0, 0, 0): buffer=acc_s, index=115, dtype=float value=-inf
msg='acc_s' BlockIdx=(0, 0, 0), ThreadIdx=(0, 0, 0): buffer=acc_s, index=116, dtype=float value=-inf
msg='acc_s' BlockIdx=(0, 0, 0), ThreadIdx=(0, 0, 0): buffer=acc_s, index=117, dtype=float value=16.000000
msg='acc_s' BlockIdx=(0, 0, 0), ThreadIdx=(0, 0, 0): buffer=acc_s, index=118, dtype=float value=16.000000
msg='acc_s' BlockIdx=(0, 0, 0), ThreadIdx=(0, 0, 0): buffer=acc_s, index=119, dtype=float value=16.000000
msg='acc_s' BlockIdx=(0, 0, 0), ThreadIdx=(0, 0, 0): buffer=acc_s, index=120, dtype=float value=-inf
msg='acc_s' BlockIdx=(0, 0, 0), ThreadIdx=(0, 0, 0): buffer=acc_s, index=121, dtype=float value=-inf
msg='acc_s' BlockIdx=(0, 0, 0), ThreadIdx=(0, 0, 0): buffer=acc_s, index=122, dtype=float value=-inf
msg='acc_s' BlockIdx=(0, 0, 0), ThreadIdx=(0, 0, 0): buffer=acc_s, index=123, dtype=float value=-inf
msg='acc_s' BlockIdx=(0, 0, 0), ThreadIdx=(0, 0, 0): buffer=acc_s, index=124, dtype=float value=16.000000
msg='acc_s' BlockIdx=(0, 0, 0), ThreadIdx=(0, 0, 0): buffer=acc_s, index=125, dtype=float value=-inf
msg='acc_s' BlockIdx=(0, 0, 0), ThreadIdx=(0, 0, 0): buffer=acc_s, index=126, dtype=float value=-inf
msg='acc_s' BlockIdx=(0, 0, 0), ThreadIdx=(0, 0, 0): buffer=acc_s, index=127, dtype=float value=-inf
msg='acc_s' BlockIdx=(0, 0, 0), ThreadIdx=(0, 0, 0): buffer=acc_s, index=128, dtype=float value=-inf
msg='acc_s' BlockIdx=(0, 0, 0), ThreadIdx=(0, 0, 0): buffer=acc_s, index=129, dtype=float value=-inf
msg='acc_s' BlockIdx=(0, 0, 0), ThreadIdx=(0, 0, 0): buffer=acc_s, index=130, dtype=float value=-inf
msg='acc_s' BlockIdx=(0, 0, 0), ThreadIdx=(0, 0, 0): buffer=acc_s, index=131, dtype=float value=-inf
msg='acc_s' BlockIdx=(0, 0, 0), ThreadIdx=(0, 0, 0): buffer=acc_s, index=132, dtype=float value=-inf
msg='acc_s' BlockIdx=(0, 0, 0), ThreadIdx=(0, 0, 0): buffer=acc_s, index=133, dtype=float value=-inf
msg='acc_s' BlockIdx=(0, 0, 0), ThreadIdx=(0, 0, 0): buffer=acc_s, index=134, dtype=float value=-inf
msg='acc_s' BlockIdx=(0, 0, 0), ThreadIdx=(0, 0, 0): buffer=acc_s, index=135, dtype=float value=-inf
msg='acc_s' BlockIdx=(0, 0, 0), ThreadIdx=(0, 0, 0): buffer=acc_s, index=136, dtype=float value=-inf
msg='acc_s' BlockIdx=(0, 0, 0), ThreadIdx=(0, 0, 0): buffer=acc_s, index=137, dtype=float value=-inf
msg='acc_s' BlockIdx=(0, 0, 0), ThreadIdx=(0, 0, 0): buffer=acc_s, index=138, dtype=float value=-inf
msg='acc_s' BlockIdx=(0, 0, 0), ThreadIdx=(0, 0, 0): buffer=acc_s, index=139, dtype=float value=-inf
msg='acc_s' BlockIdx=(0, 0, 0), ThreadIdx=(0, 0, 0): buffer=acc_s, index=140, dtype=float value=-inf
msg='acc_s' BlockIdx=(0, 0, 0), ThreadIdx=(0, 0, 0): buffer=acc_s, index=141, dtype=float value=-inf
msg='acc_s' BlockIdx=(0, 0, 0), ThreadIdx=(0, 0, 0): buffer=acc_s, index=142, dtype=float value=-inf
msg='acc_s' BlockIdx=(0, 0, 0), ThreadIdx=(0, 0, 0): buffer=acc_s, index=143, dtype=float value=-inf
msg='acc_s' BlockIdx=(0, 0, 0), ThreadIdx=(0, 0, 0): buffer=acc_s, index=144, dtype=float value=-inf
msg='acc_s' BlockIdx=(0, 0, 0), ThreadIdx=(0, 0, 0): buffer=acc_s, index=145, dtype=float value=-inf
msg='acc_s' BlockIdx=(0, 0, 0), ThreadIdx=(0, 0, 0): buffer=acc_s, index=146, dtype=float value=-inf
msg='acc_s' BlockIdx=(0, 0, 0), ThreadIdx=(0, 0, 0): buffer=acc_s, index=147, dtype=float value=-inf
msg='acc_s' BlockIdx=(0, 0, 0), ThreadIdx=(0, 0, 0): buffer=acc_s, index=148, dtype=float value=-inf
msg='acc_s' BlockIdx=(0, 0, 0), ThreadIdx=(0, 0, 0): buffer=acc_s, index=149, dtype=float value=-inf
msg='acc_s' BlockIdx=(0, 0, 0), ThreadIdx=(0, 0, 0): buffer=acc_s, index=150, dtype=float value=-inf
msg='acc_s' BlockIdx=(0, 0, 0), ThreadIdx=(0, 0, 0): buffer=acc_s, index=151, dtype=float value=-inf
msg='acc_s' BlockIdx=(0, 0, 0), ThreadIdx=(0, 0, 0): buffer=acc_s, index=152, dtype=float value=-inf
msg='acc_s' BlockIdx=(0, 0, 0), ThreadIdx=(0, 0, 0): buffer=acc_s, index=153, dtype=float value=-inf
msg='acc_s' BlockIdx=(0, 0, 0), ThreadIdx=(0, 0, 0): buffer=acc_s, index=154, dtype=float value=-inf
msg='acc_s' BlockIdx=(0, 0, 0), ThreadIdx=(0, 0, 0): buffer=acc_s, index=155, dtype=float value=-inf
msg='acc_s' BlockIdx=(0, 0, 0), ThreadIdx=(0, 0, 0): buffer=acc_s, index=156, dtype=float value=-inf
msg='acc_s' BlockIdx=(0, 0, 0), ThreadIdx=(0, 0, 0): buffer=acc_s, index=157, dtype=float value=-inf
msg='acc_s' BlockIdx=(0, 0, 0), ThreadIdx=(0, 0, 0): buffer=acc_s, index=158, dtype=float value=-inf
msg='acc_s' BlockIdx=(0, 0, 0), ThreadIdx=(0, 0, 0): buffer=acc_s, index=159, dtype=float value=-inf
msg='acc_s' BlockIdx=(0, 0, 0), ThreadIdx=(0, 0, 0): buffer=acc_s, index=160, dtype=float value=-inf
msg='acc_s' BlockIdx=(0, 0, 0), ThreadIdx=(0, 0, 0): buffer=acc_s, index=161, dtype=float value=-inf
msg='acc_s' BlockIdx=(0, 0, 0), ThreadIdx=(0, 0, 0): buffer=acc_s, index=162, dtype=float value=-inf
msg='acc_s' BlockIdx=(0, 0, 0), ThreadIdx=(0, 0, 0): buffer=acc_s, index=163, dtype=float value=-inf
msg='acc_s' BlockIdx=(0, 0, 0), ThreadIdx=(0, 0, 0): buffer=acc_s, index=164, dtype=float value=-inf
msg='acc_s' BlockIdx=(0, 0, 0), ThreadIdx=(0, 0, 0): buffer=acc_s, index=165, dtype=float value=-inf
msg='acc_s' BlockIdx=(0, 0, 0), ThreadIdx=(0, 0, 0): buffer=acc_s, index=166, dtype=float value=-inf
msg='acc_s' BlockIdx=(0, 0, 0), ThreadIdx=(0, 0, 0): buffer=acc_s, index=167, dtype=float value=-inf
msg='acc_s' BlockIdx=(0, 0, 0), ThreadIdx=(0, 0, 0): buffer=acc_s, index=168, dtype=float value=-inf
msg='acc_s' BlockIdx=(0, 0, 0), ThreadIdx=(0, 0, 0): buffer=acc_s, index=169, dtype=float value=-inf
msg='acc_s' BlockIdx=(0, 0, 0), ThreadIdx=(0, 0, 0): buffer=acc_s, index=170, dtype=float value=-inf
msg='acc_s' BlockIdx=(0, 0, 0), ThreadIdx=(0, 0, 0): buffer=acc_s, index=171, dtype=float value=-inf
msg='acc_s' BlockIdx=(0, 0, 0), ThreadIdx=(0, 0, 0): buffer=acc_s, index=172, dtype=float value=-inf
msg='acc_s' BlockIdx=(0, 0, 0), ThreadIdx=(0, 0, 0): buffer=acc_s, index=173, dtype=float value=-inf
msg='acc_s' BlockIdx=(0, 0, 0), ThreadIdx=(0, 0, 0): buffer=acc_s, index=174, dtype=float value=-inf
msg='acc_s' BlockIdx=(0, 0, 0), ThreadIdx=(0, 0, 0): buffer=acc_s, index=175, dtype=float value=-inf
msg='acc_s' BlockIdx=(0, 0, 0), ThreadIdx=(0, 0, 0): buffer=acc_s, index=176, dtype=float value=-inf
msg='acc_s' BlockIdx=(0, 0, 0), ThreadIdx=(0, 0, 0): buffer=acc_s, index=177, dtype=float value=-inf
msg='acc_s' BlockIdx=(0, 0, 0), ThreadIdx=(0, 0, 0): buffer=acc_s, index=178, dtype=float value=-inf
msg='acc_s' BlockIdx=(0, 0, 0), ThreadIdx=(0, 0, 0): buffer=acc_s, index=179, dtype=float value=-inf
msg='acc_s' BlockIdx=(0, 0, 0), ThreadIdx=(0, 0, 0): buffer=acc_s, index=180, dtype=float value=-inf
msg='acc_s' BlockIdx=(0, 0, 0), ThreadIdx=(0, 0, 0): buffer=acc_s, index=181, dtype=float value=-inf
msg='acc_s' BlockIdx=(0, 0, 0), ThreadIdx=(0, 0, 0): buffer=acc_s, index=182, dtype=float value=-inf
msg='acc_s' BlockIdx=(0, 0, 0), ThreadIdx=(0, 0, 0): buffer=acc_s, index=183, dtype=float value=-inf
msg='acc_s' BlockIdx=(0, 0, 0), ThreadIdx=(0, 0, 0): buffer=acc_s, index=184, dtype=float value=-inf
msg='acc_s' BlockIdx=(0, 0, 0), ThreadIdx=(0, 0, 0): buffer=acc_s, index=185, dtype=float value=-inf
msg='acc_s' BlockIdx=(0, 0, 0), ThreadIdx=(0, 0, 0): buffer=acc_s, index=186, dtype=float value=-inf
msg='acc_s' BlockIdx=(0, 0, 0), ThreadIdx=(0, 0, 0): buffer=acc_s, index=187, dtype=float value=-inf
msg='acc_s' BlockIdx=(0, 0, 0), ThreadIdx=(0, 0, 0): buffer=acc_s, index=188, dtype=float value=-inf
msg='acc_s' BlockIdx=(0, 0, 0), ThreadIdx=(0, 0, 0): buffer=acc_s, index=189, dtype=float value=-inf
msg='acc_s' BlockIdx=(0, 0, 0), ThreadIdx=(0, 0, 0): buffer=acc_s, index=190, dtype=float value=-inf
msg='acc_s' BlockIdx=(0, 0, 0), ThreadIdx=(0, 0, 0): buffer=acc_s, index=191, dtype=float value=-inf
msg='acc_s' BlockIdx=(0, 0, 0), ThreadIdx=(0, 0, 0): buffer=acc_s, index=192, dtype=float value=-inf
msg='acc_s' BlockIdx=(0, 0, 0), ThreadIdx=(0, 0, 0): buffer=acc_s, index=193, dtype=float value=-inf
msg='acc_s' BlockIdx=(0, 0, 0), ThreadIdx=(0, 0, 0): buffer=acc_s, index=194, dtype=float value=-inf
msg='acc_s' BlockIdx=(0, 0, 0), ThreadIdx=(0, 0, 0): buffer=acc_s, index=195, dtype=float value=-inf
msg='acc_s' BlockIdx=(0, 0, 0), ThreadIdx=(0, 0, 0): buffer=acc_s, index=196, dtype=float value=-inf
msg='acc_s' BlockIdx=(0, 0, 0), ThreadIdx=(0, 0, 0): buffer=acc_s, index=197, dtype=float value=-inf
msg='acc_s' BlockIdx=(0, 0, 0), ThreadIdx=(0, 0, 0): buffer=acc_s, index=198, dtype=float value=-inf
msg='acc_s' BlockIdx=(0, 0, 0), ThreadIdx=(0, 0, 0): buffer=acc_s, index=199, dtype=float value=-inf
msg='acc_s' BlockIdx=(0, 0, 0), ThreadIdx=(0, 0, 0): buffer=acc_s, index=200, dtype=float value=-inf
msg='acc_s' BlockIdx=(0, 0, 0), ThreadIdx=(0, 0, 0): buffer=acc_s, index=201, dtype=float value=-inf
msg='acc_s' BlockIdx=(0, 0, 0), ThreadIdx=(0, 0, 0): buffer=acc_s, index=202, dtype=float value=-inf
msg='acc_s' BlockIdx=(0, 0, 0), ThreadIdx=(0, 0, 0): buffer=acc_s, index=203, dtype=float value=-inf
msg='acc_s' BlockIdx=(0, 0, 0), ThreadIdx=(0, 0, 0): buffer=acc_s, index=204, dtype=float value=-inf
msg='acc_s' BlockIdx=(0, 0, 0), ThreadIdx=(0, 0, 0): buffer=acc_s, index=205, dtype=float value=-inf
msg='acc_s' BlockIdx=(0, 0, 0), ThreadIdx=(0, 0, 0): buffer=acc_s, index=206, dtype=float value=-inf
msg='acc_s' BlockIdx=(0, 0, 0), ThreadIdx=(0, 0, 0): buffer=acc_s, index=207, dtype=float value=-inf
msg='acc_s' BlockIdx=(0, 0, 0), ThreadIdx=(0, 0, 0): buffer=acc_s, index=208, dtype=float value=-inf
msg='acc_s' BlockIdx=(0, 0, 0), ThreadIdx=(0, 0, 0): buffer=acc_s, index=209, dtype=float value=-inf
msg='acc_s' BlockIdx=(0, 0, 0), ThreadIdx=(0, 0, 0): buffer=acc_s, index=210, dtype=float value=-inf
msg='acc_s' BlockIdx=(0, 0, 0), ThreadIdx=(0, 0, 0): buffer=acc_s, index=211, dtype=float value=-inf
msg='acc_s' BlockIdx=(0, 0, 0), ThreadIdx=(0, 0, 0): buffer=acc_s, index=212, dtype=float value=-inf
msg='acc_s' BlockIdx=(0, 0, 0), ThreadIdx=(0, 0, 0): buffer=acc_s, index=213, dtype=float value=-inf
msg='acc_s' BlockIdx=(0, 0, 0), ThreadIdx=(0, 0, 0): buffer=acc_s, index=214, dtype=float value=-inf
msg='acc_s' BlockIdx=(0, 0, 0), ThreadIdx=(0, 0, 0): buffer=acc_s, index=215, dtype=float value=-inf
msg='acc_s' BlockIdx=(0, 0, 0), ThreadIdx=(0, 0, 0): buffer=acc_s, index=216, dtype=float value=-inf
msg='acc_s' BlockIdx=(0, 0, 0), ThreadIdx=(0, 0, 0): buffer=acc_s, index=217, dtype=float value=-inf
msg='acc_s' BlockIdx=(0, 0, 0), ThreadIdx=(0, 0, 0): buffer=acc_s, index=218, dtype=float value=-inf
msg='acc_s' BlockIdx=(0, 0, 0), ThreadIdx=(0, 0, 0): buffer=acc_s, index=219, dtype=float value=-inf
msg='acc_s' BlockIdx=(0, 0, 0), ThreadIdx=(0, 0, 0): buffer=acc_s, index=220, dtype=float value=-inf
msg='acc_s' BlockIdx=(0, 0, 0), ThreadIdx=(0, 0, 0): buffer=acc_s, index=221, dtype=float value=-inf
msg='acc_s' BlockIdx=(0, 0, 0), ThreadIdx=(0, 0, 0): buffer=acc_s, index=222, dtype=float value=-inf
msg='acc_s' BlockIdx=(0, 0, 0), ThreadIdx=(0, 0, 0): buffer=acc_s, index=223, dtype=float value=-inf
msg='acc_s' BlockIdx=(0, 0, 0), ThreadIdx=(0, 0, 0): buffer=acc_s, index=224, dtype=float value=-inf
msg='acc_s' BlockIdx=(0, 0, 0), ThreadIdx=(0, 0, 0): buffer=acc_s, index=225, dtype=float value=-inf
msg='acc_s' BlockIdx=(0, 0, 0), ThreadIdx=(0, 0, 0): buffer=acc_s, index=226, dtype=float value=-inf
msg='acc_s' BlockIdx=(0, 0, 0), ThreadIdx=(0, 0, 0): buffer=acc_s, index=227, dtype=float value=-inf
msg='acc_s' BlockIdx=(0, 0, 0), ThreadIdx=(0, 0, 0): buffer=acc_s, index=228, dtype=float value=-inf
msg='acc_s' BlockIdx=(0, 0, 0), ThreadIdx=(0, 0, 0): buffer=acc_s, index=229, dtype=float value=-inf
msg='acc_s' BlockIdx=(0, 0, 0), ThreadIdx=(0, 0, 0): buffer=acc_s, index=230, dtype=float value=-inf
msg='acc_s' BlockIdx=(0, 0, 0), ThreadIdx=(0, 0, 0): buffer=acc_s, index=231, dtype=float value=-inf
msg='acc_s' BlockIdx=(0, 0, 0), ThreadIdx=(0, 0, 0): buffer=acc_s, index=232, dtype=float value=-inf
msg='acc_s' BlockIdx=(0, 0, 0), ThreadIdx=(0, 0, 0): buffer=acc_s, index=233, dtype=float value=-inf
msg='acc_s' BlockIdx=(0, 0, 0), ThreadIdx=(0, 0, 0): buffer=acc_s, index=234, dtype=float value=-inf
msg='acc_s' BlockIdx=(0, 0, 0), ThreadIdx=(0, 0, 0): buffer=acc_s, index=235, dtype=float value=-inf
msg='acc_s' BlockIdx=(0, 0, 0), ThreadIdx=(0, 0, 0): buffer=acc_s, index=236, dtype=float value=-inf
msg='acc_s' BlockIdx=(0, 0, 0), ThreadIdx=(0, 0, 0): buffer=acc_s, index=237, dtype=float value=-inf
msg='acc_s' BlockIdx=(0, 0, 0), ThreadIdx=(0, 0, 0): buffer=acc_s, index=238, dtype=float value=-inf
msg='acc_s' BlockIdx=(0, 0, 0), ThreadIdx=(0, 0, 0): buffer=acc_s, index=239, dtype=float value=-inf
msg='acc_s' BlockIdx=(0, 0, 0), ThreadIdx=(0, 0, 0): buffer=acc_s, index=240, dtype=float value=-inf
msg='acc_s' BlockIdx=(0, 0, 0), ThreadIdx=(0, 0, 0): buffer=acc_s, index=241, dtype=float value=-inf
msg='acc_s' BlockIdx=(0, 0, 0), ThreadIdx=(0, 0, 0): buffer=acc_s, index=242, dtype=float value=-inf
msg='acc_s' BlockIdx=(0, 0, 0), ThreadIdx=(0, 0, 0): buffer=acc_s, index=243, dtype=float value=-inf
msg='acc_s' BlockIdx=(0, 0, 0), ThreadIdx=(0, 0, 0): buffer=acc_s, index=244, dtype=float value=-inf
msg='acc_s' BlockIdx=(0, 0, 0), ThreadIdx=(0, 0, 0): buffer=acc_s, index=245, dtype=float value=-inf
msg='acc_s' BlockIdx=(0, 0, 0), ThreadIdx=(0, 0, 0): buffer=acc_s, index=246, dtype=float value=-inf
msg='acc_s' BlockIdx=(0, 0, 0), ThreadIdx=(0, 0, 0): buffer=acc_s, index=247, dtype=float value=-inf
msg='acc_s' BlockIdx=(0, 0, 0), ThreadIdx=(0, 0, 0): buffer=acc_s, index=248, dtype=float value=-inf
msg='acc_s' BlockIdx=(0, 0, 0), ThreadIdx=(0, 0, 0): buffer=acc_s, index=249, dtype=float value=-inf
msg='acc_s' BlockIdx=(0, 0, 0), ThreadIdx=(0, 0, 0): buffer=acc_s, index=250, dtype=float value=-inf
msg='acc_s' BlockIdx=(0, 0, 0), ThreadIdx=(0, 0, 0): buffer=acc_s, index=251, dtype=float value=-inf
msg='acc_s' BlockIdx=(0, 0, 0), ThreadIdx=(0, 0, 0): buffer=acc_s, index=252, dtype=float value=-inf
msg='acc_s' BlockIdx=(0, 0, 0), ThreadIdx=(0, 0, 0): buffer=acc_s, index=253, dtype=float value=-inf
msg='acc_s' BlockIdx=(0, 0, 0), ThreadIdx=(0, 0, 0): buffer=acc_s, index=254, dtype=float value=-inf
msg='acc_s' BlockIdx=(0, 0, 0), ThreadIdx=(0, 0, 0): buffer=acc_s, index=255, dtype=float value=-inf
Test case parameters:
Sequence length: 16 (already doubled)
8bit window size: 3
4bit window size: 1
Input shapes - Q: torch.Size([1, 16, 1, 16]), K: torch.Size([1, 16, 1, 16]), V: torch.Size([1, 16, 1, 16])

Input values:
Q[0, :, 0, 0] (8bit part): [1. 1. 1. 1. 1. 1. 1. 1.]
Q[0, :, 0, 0] (4bit part): [1. 1. 1. 1. 1. 1. 1. 1.]
K[0, :, 0, 0] (8bit part): [1. 1. 1. 1. 1. 1. 1. 1.]
K[0, :, 0, 0] (4bit part): [1. 1. 1. 1. 1. 1. 1. 1.]

Output values:
Output[0, :, 0, 0]: [ 1.  1.  1.  1.  1.  1.  1.  1. nan nan nan nan nan nan nan nan]
